<?xml version="1.0" encoding="UTF-8"?>
<!-- Generated by org.testng.reporters.JUnitXMLReporter -->
<testsuite hostname="ip-172-31-28-62" ignored="3" name="Default test" tests="1" failures="0" timestamp="2022-03-12T07:16:10 UTC" time="6.468" errors="0">
  <testcase name="LoginFailiureTest" time="3.761" classname="testcases.LoginTest"/>
  <testcase name="ExternalDataTes" time="0.0" classname="testcases.LoginTest">
    <ignored/>
  </testcase> <!-- ExternalDataTes -->
  <testcase name="LoginSuccessTest" time="0.0" classname="testcases.LoginTest">
    <ignored/>
  </testcase> <!-- LoginSuccessTest -->
  <testcase name="ParameterizedTest" time="0.0" classname="testcases.LoginTest">
    <ignored/>
  </testcase> <!-- ParameterizedTest -->
</testsuite> <!-- Default test -->
