<?xml version="1.0" encoding="UTF-8"?>
<!-- Generated by org.testng.reporters.JUnitXMLReporter -->
<testsuite hostname="ip-172-31-28-62" ignored="0" name="Test" tests="4" failures="0" timestamp="2022-03-13T03:52:52 UTC" time="21.922" errors="0">
  <testcase name="ExternalDataTes" time="2.497" classname="testcases.LoginTest"/>
  <testcase name="LoginFailiureTest" time="2.427" classname="testcases.LoginTest"/>
  <testcase name="LoginSuccessTest" time="6.679" classname="testcases.LoginTest"/>
  <testcase name="ParameterizedTest" time="2.693" classname="testcases.LoginTest"/>
</testsuite> <!-- Test -->
