<?xml version="1.0" encoding="UTF-8"?>
<!-- Generated by org.testng.reporters.JUnitXMLReporter -->
<testsuite hostname="ip-172-31-28-62" ignored="0" name="Test" tests="4" failures="0" timestamp="2022-03-20T18:46:14 UTC" time="20.669" errors="0">
  <testcase name="ExternalDataTes" time="3.595" classname="testcases.LoginTest"/>
  <testcase name="LoginFailiureTest" time="2.443" classname="testcases.LoginTest"/>
  <testcase name="LoginSuccessTest" time="4.342" classname="testcases.LoginTest"/>
  <testcase name="ParameterizedTest" time="2.489" classname="testcases.LoginTest"/>
</testsuite> <!-- Test -->
