<?xml version="1.0" encoding="UTF-8"?>
<!-- Generated by org.testng.reporters.JUnitXMLReporter -->
<testsuite hostname="ip-172-31-28-62" ignored="0" name="Test" tests="4" failures="0" timestamp="2022-04-08T12:14:11 UTC" time="24.536" errors="0">
  <testcase name="ExternalDataTes" time="3.005" classname="testcases.LoginTest"/>
  <testcase name="LoginFailiureTest" time="3.211" classname="testcases.LoginTest"/>
  <testcase name="LoginSuccessTest" time="5.926" classname="testcases.LoginTest"/>
  <testcase name="ParameterizedTest" time="3.997" classname="testcases.LoginTest"/>
</testsuite> <!-- Test -->
