<?xml version="1.0" encoding="UTF-8"?>
<testng-results skipped="0" failed="0" ignored="0" total="4" passed="4">
  <reporter-output>
  </reporter-output>
  <suite name="Suite" duration-ms="20669" started-at="2022-03-20T18:45:54 UTC" finished-at="2022-03-20T18:46:14 UTC">
    <groups>
    </groups>
    <test name="Test" duration-ms="20669" started-at="2022-03-20T18:45:54 UTC" finished-at="2022-03-20T18:46:14 UTC">
      <class name="testcases.LoginTest">
        <test-method status="PASS" signature="DataSetup()[pri:0, instance:testcases.LoginTest@2f943d71]" name="DataSetup" is-config="true" duration-ms="840" started-at="2022-03-20T18:45:54 UTC" finished-at="2022-03-20T18:45:55 UTC">
          <reporter-output>
          </reporter-output>
        </test-method> <!-- DataSetup -->
        <test-method status="PASS" signature="SetUp(java.lang.reflect.Method)[pri:0, instance:testcases.LoginTest@2f943d71]" name="SetUp" is-config="true" duration-ms="1991" started-at="2022-03-20T18:45:55 UTC" finished-at="2022-03-20T18:45:57 UTC">
          <params>
            <param index="0">
              <value>
                <![CDATA[public void testcases.LoginTest.ExternalDataTes()]]>
              </value>
            </param>
          </params>
          <reporter-output>
          </reporter-output>
        </test-method> <!-- SetUp -->
        <test-method status="PASS" signature="ExternalDataTes()[pri:0, instance:testcases.LoginTest@2f943d71]" name="ExternalDataTes" duration-ms="3595" started-at="2022-03-20T18:45:57 UTC" finished-at="2022-03-20T18:46:00 UTC">
          <reporter-output>
          </reporter-output>
        </test-method> <!-- ExternalDataTes -->
        <test-method status="PASS" signature="TearDown()[pri:0, instance:testcases.LoginTest@2f943d71]" name="TearDown" is-config="true" duration-ms="127" started-at="2022-03-20T18:46:00 UTC" finished-at="2022-03-20T18:46:00 UTC">
          <reporter-output>
          </reporter-output>
        </test-method> <!-- TearDown -->
        <test-method status="PASS" signature="SetUp(java.lang.reflect.Method)[pri:0, instance:testcases.LoginTest@2f943d71]" name="SetUp" is-config="true" duration-ms="1325" started-at="2022-03-20T18:46:00 UTC" finished-at="2022-03-20T18:46:02 UTC">
          <params>
            <param index="0">
              <value>
                <![CDATA[public void testcases.LoginTest.LoginFailiureTest()]]>
              </value>
            </param>
          </params>
          <reporter-output>
          </reporter-output>
        </test-method> <!-- SetUp -->
        <test-method status="PASS" signature="LoginFailiureTest()[pri:0, instance:testcases.LoginTest@2f943d71]" name="LoginFailiureTest" duration-ms="2443" started-at="2022-03-20T18:46:02 UTC" finished-at="2022-03-20T18:46:04 UTC">
          <reporter-output>
          </reporter-output>
        </test-method> <!-- LoginFailiureTest -->
        <test-method status="PASS" signature="TearDown()[pri:0, instance:testcases.LoginTest@2f943d71]" name="TearDown" is-config="true" duration-ms="132" started-at="2022-03-20T18:46:04 UTC" finished-at="2022-03-20T18:46:04 UTC">
          <reporter-output>
          </reporter-output>
        </test-method> <!-- TearDown -->
        <test-method status="PASS" signature="SetUp(java.lang.reflect.Method)[pri:0, instance:testcases.LoginTest@2f943d71]" name="SetUp" is-config="true" duration-ms="1368" started-at="2022-03-20T18:46:04 UTC" finished-at="2022-03-20T18:46:06 UTC">
          <params>
            <param index="0">
              <value>
                <![CDATA[public void testcases.LoginTest.LoginSuccessTest()]]>
              </value>
            </param>
          </params>
          <reporter-output>
          </reporter-output>
        </test-method> <!-- SetUp -->
        <test-method status="PASS" signature="LoginSuccessTest()[pri:0, instance:testcases.LoginTest@2f943d71]" name="LoginSuccessTest" duration-ms="4342" started-at="2022-03-20T18:46:06 UTC" finished-at="2022-03-20T18:46:10 UTC">
          <reporter-output>
          </reporter-output>
        </test-method> <!-- LoginSuccessTest -->
        <test-method status="PASS" signature="TearDown()[pri:0, instance:testcases.LoginTest@2f943d71]" name="TearDown" is-config="true" duration-ms="118" started-at="2022-03-20T18:46:10 UTC" finished-at="2022-03-20T18:46:10 UTC">
          <reporter-output>
          </reporter-output>
        </test-method> <!-- TearDown -->
        <test-method status="PASS" signature="SetUp(java.lang.reflect.Method)[pri:0, instance:testcases.LoginTest@2f943d71]" name="SetUp" is-config="true" duration-ms="1387" started-at="2022-03-20T18:46:10 UTC" finished-at="2022-03-20T18:46:11 UTC">
          <params>
            <param index="0">
              <value>
                <![CDATA[public void testcases.LoginTest.ParameterizedTest(java.lang.String,java.lang.String)]]>
              </value>
            </param>
          </params>
          <reporter-output>
          </reporter-output>
        </test-method> <!-- SetUp -->
        <test-method status="PASS" signature="ParameterizedTest(java.lang.String,java.lang.String)[pri:0, instance:testcases.LoginTest@2f943d71]" name="ParameterizedTest" duration-ms="2489" started-at="2022-03-20T18:46:11 UTC" finished-at="2022-03-20T18:46:14 UTC">
          <params>
            <param index="0">
              <value>
                <![CDATA[abc@gmail.com]]>
              </value>
            </param>
            <param index="1">
              <value>
                <![CDATA[@854Sumit]]>
              </value>
            </param>
          </params>
          <reporter-output>
          </reporter-output>
        </test-method> <!-- ParameterizedTest -->
        <test-method status="PASS" signature="TearDown()[pri:0, instance:testcases.LoginTest@2f943d71]" name="TearDown" is-config="true" duration-ms="142" started-at="2022-03-20T18:46:14 UTC" finished-at="2022-03-20T18:46:14 UTC">
          <reporter-output>
          </reporter-output>
        </test-method> <!-- TearDown -->
        <test-method status="PASS" signature="DataTearDown()[pri:0, instance:testcases.LoginTest@2f943d71]" name="DataTearDown" is-config="true" duration-ms="339" started-at="2022-03-20T18:46:14 UTC" finished-at="2022-03-20T18:46:14 UTC">
          <reporter-output>
          </reporter-output>
        </test-method> <!-- DataTearDown -->
      </class> <!-- testcases.LoginTest -->
    </test> <!-- Test -->
  </suite> <!-- Suite -->
</testng-results>
