<?xml version="1.0" encoding="UTF-8"?>
<testng-results skipped="0" failed="0" ignored="0" total="4" passed="4">
  <reporter-output>
  </reporter-output>
  <suite name="Suite" duration-ms="21922" started-at="2022-03-13T03:52:30 UTC" finished-at="2022-03-13T03:52:52 UTC">
    <groups>
    </groups>
    <test name="Test" duration-ms="21922" started-at="2022-03-13T03:52:30 UTC" finished-at="2022-03-13T03:52:52 UTC">
      <class name="testcases.LoginTest">
        <test-method status="PASS" signature="DataSetup()[pri:0, instance:testcases.LoginTest@1d371b2d]" name="DataSetup" is-config="true" duration-ms="702" started-at="2022-03-13T03:52:30 UTC" finished-at="2022-03-13T03:52:31 UTC">
          <reporter-output>
          </reporter-output>
        </test-method> <!-- DataSetup -->
        <test-method status="PASS" signature="SetUp(java.lang.reflect.Method)[pri:0, instance:testcases.LoginTest@1d371b2d]" name="SetUp" is-config="true" duration-ms="1698" started-at="2022-03-13T03:52:31 UTC" finished-at="2022-03-13T03:52:33 UTC">
          <params>
            <param index="0">
              <value>
                <![CDATA[public void testcases.LoginTest.ExternalDataTes()]]>
              </value>
            </param>
          </params>
          <reporter-output>
          </reporter-output>
        </test-method> <!-- SetUp -->
        <test-method status="PASS" signature="ExternalDataTes()[pri:0, instance:testcases.LoginTest@1d371b2d]" name="ExternalDataTes" duration-ms="2497" started-at="2022-03-13T03:52:33 UTC" finished-at="2022-03-13T03:52:35 UTC">
          <reporter-output>
          </reporter-output>
        </test-method> <!-- ExternalDataTes -->
        <test-method status="PASS" signature="TearDown()[pri:0, instance:testcases.LoginTest@1d371b2d]" name="TearDown" is-config="true" duration-ms="173" started-at="2022-03-13T03:52:35 UTC" finished-at="2022-03-13T03:52:35 UTC">
          <reporter-output>
          </reporter-output>
        </test-method> <!-- TearDown -->
        <test-method status="PASS" signature="SetUp(java.lang.reflect.Method)[pri:0, instance:testcases.LoginTest@1d371b2d]" name="SetUp" is-config="true" duration-ms="1462" started-at="2022-03-13T03:52:35 UTC" finished-at="2022-03-13T03:52:37 UTC">
          <params>
            <param index="0">
              <value>
                <![CDATA[public void testcases.LoginTest.LoginFailiureTest()]]>
              </value>
            </param>
          </params>
          <reporter-output>
          </reporter-output>
        </test-method> <!-- SetUp -->
        <test-method status="PASS" signature="LoginFailiureTest()[pri:0, instance:testcases.LoginTest@1d371b2d]" name="LoginFailiureTest" duration-ms="2427" started-at="2022-03-13T03:52:37 UTC" finished-at="2022-03-13T03:52:39 UTC">
          <reporter-output>
          </reporter-output>
        </test-method> <!-- LoginFailiureTest -->
        <test-method status="PASS" signature="TearDown()[pri:0, instance:testcases.LoginTest@1d371b2d]" name="TearDown" is-config="true" duration-ms="127" started-at="2022-03-13T03:52:39 UTC" finished-at="2022-03-13T03:52:39 UTC">
          <reporter-output>
          </reporter-output>
        </test-method> <!-- TearDown -->
        <test-method status="PASS" signature="SetUp(java.lang.reflect.Method)[pri:0, instance:testcases.LoginTest@1d371b2d]" name="SetUp" is-config="true" duration-ms="1398" started-at="2022-03-13T03:52:39 UTC" finished-at="2022-03-13T03:52:41 UTC">
          <params>
            <param index="0">
              <value>
                <![CDATA[public void testcases.LoginTest.LoginSuccessTest()]]>
              </value>
            </param>
          </params>
          <reporter-output>
          </reporter-output>
        </test-method> <!-- SetUp -->
        <test-method status="PASS" signature="LoginSuccessTest()[pri:0, instance:testcases.LoginTest@1d371b2d]" name="LoginSuccessTest" duration-ms="6679" started-at="2022-03-13T03:52:41 UTC" finished-at="2022-03-13T03:52:48 UTC">
          <reporter-output>
          </reporter-output>
        </test-method> <!-- LoginSuccessTest -->
        <test-method status="PASS" signature="TearDown()[pri:0, instance:testcases.LoginTest@1d371b2d]" name="TearDown" is-config="true" duration-ms="135" started-at="2022-03-13T03:52:48 UTC" finished-at="2022-03-13T03:52:48 UTC">
          <reporter-output>
          </reporter-output>
        </test-method> <!-- TearDown -->
        <test-method status="PASS" signature="SetUp(java.lang.reflect.Method)[pri:0, instance:testcases.LoginTest@1d371b2d]" name="SetUp" is-config="true" duration-ms="1499" started-at="2022-03-13T03:52:48 UTC" finished-at="2022-03-13T03:52:49 UTC">
          <params>
            <param index="0">
              <value>
                <![CDATA[public void testcases.LoginTest.ParameterizedTest(java.lang.String,java.lang.String)]]>
              </value>
            </param>
          </params>
          <reporter-output>
          </reporter-output>
        </test-method> <!-- SetUp -->
        <test-method status="PASS" signature="ParameterizedTest(java.lang.String,java.lang.String)[pri:0, instance:testcases.LoginTest@1d371b2d]" name="ParameterizedTest" duration-ms="2693" started-at="2022-03-13T03:52:49 UTC" finished-at="2022-03-13T03:52:52 UTC">
          <params>
            <param index="0">
              <value>
                <![CDATA[abc@gmail.com]]>
              </value>
            </param>
            <param index="1">
              <value>
                <![CDATA[@854Sumit]]>
              </value>
            </param>
          </params>
          <reporter-output>
          </reporter-output>
        </test-method> <!-- ParameterizedTest -->
        <test-method status="PASS" signature="TearDown()[pri:0, instance:testcases.LoginTest@1d371b2d]" name="TearDown" is-config="true" duration-ms="133" started-at="2022-03-13T03:52:52 UTC" finished-at="2022-03-13T03:52:52 UTC">
          <reporter-output>
          </reporter-output>
        </test-method> <!-- TearDown -->
        <test-method status="PASS" signature="DataTearDown()[pri:0, instance:testcases.LoginTest@1d371b2d]" name="DataTearDown" is-config="true" duration-ms="252" started-at="2022-03-13T03:52:52 UTC" finished-at="2022-03-13T03:52:52 UTC">
          <reporter-output>
          </reporter-output>
        </test-method> <!-- DataTearDown -->
      </class> <!-- testcases.LoginTest -->
    </test> <!-- Test -->
  </suite> <!-- Suite -->
</testng-results>
